0 info it worked if it ends with ok
1 verbose cli [ 'C:\\Program Files\\nodejs\\node.exe',
1 verbose cli   'C:\\Users\\bmzett\\AppData\\Roaming\\npm\\node_modules\\npm\\bin\\npm-cli.js',
1 verbose cli   'run',
1 verbose cli   'e2e',
1 verbose cli   '--',
1 verbose cli   './protractor.conf.js' ]
2 info using npm@3.10.9
3 info using node@v6.9.1
4 verbose run-script [ 'pree2e', 'e2e', 'poste2e' ]
5 info lifecycle webapp@0.0.0~pree2e: webapp@0.0.0
6 verbose lifecycle webapp@0.0.0~pree2e: unsafe-perm in lifecycle true
7 verbose lifecycle webapp@0.0.0~pree2e: PATH: C:\Users\bmzett\AppData\Roaming\npm\node_modules\npm\bin\node-gyp-bin;C:\Coding\TheGroupInc\node_modules\.bin;C:\Program Files\ImageMagick-6.9.3-Q16;C:\ProgramData\Oracle\Java\javapath;C:\Program Files (x86)\Intel\iCLS Client\;C:\Program Files\Intel\iCLS Client\;C:\WINDOWS\system32;C:\WINDOWS;C:\WINDOWS\System32\Wbem;C:\WINDOWS\System32\WindowsPowerShell\v1.0\;C:\Program Files (x86)\Intel\OpenCL SDK\2.0\bin\x86;C:\Program Files (x86)\Intel\OpenCL SDK\2.0\bin\x64;C:\Program Files (x86)\Windows Live\Shared;C:\Program Files\Condusiv Technologies\IntelliMemory\;C:\Program Files\Intel\WiFi\bin\;C:\Program Files\Common Files\Intel\WirelessCommon\;C:\Program Files (x86)\Intel\Intel(R) Management Engine Components\DAL;C:\Program Files\Intel\Intel(R) Management Engine Components\DAL;C:\Program Files (x86)\Intel\Intel(R) Management Engine Components\IPT;C:\Program Files\Intel\Intel(R) Management Engine Components\IPT;C:\Program Files\Microsoft SQL Server\120\Tools\Binn\;C:\Program Files (x86)\Windows Kits\10\Windows Performance Toolkit\;C:\Program Files (x86)\Skype\Phone\;C:\Program Files (x86)\Heroku\bin;C:\Program Files (x86)\git\cmd;C:\Program Files (x86)\Maven_339\bin;C:\Program Files\OpenVPN\bin;C:\cmder;C:\Program Files\nodejs\;C:\Program Files\Git\cmd;C:\Anaconda\Anaconda2;C:\Anaconda\Anaconda2\Scripts;C:\Anaconda\Anaconda2\Library\bin;C:\Anaconda\Anaconda3;C:\Anaconda\Anaconda3\Scripts;C:\Anaconda\Anaconda3\Library\bin;C:\Program Files\Java\jdk1.7.0_75\bin;c:\Users\bmzett\AppData\Local\atom\bin;C:\Users\bmzett\AppData\Local\Microsoft\WindowsApps;C:\Users\bmzett\AppData\Roaming\npm;C:\Program Files (x86)\Microsoft VS Code\bin
8 verbose lifecycle webapp@0.0.0~pree2e: CWD: C:\Coding\TheGroupInc
9 silly lifecycle webapp@0.0.0~pree2e: Args: [ '/d /s /c', 'webdriver-manager update' ]
10 silly lifecycle webapp@0.0.0~pree2e: Returned: code: 0  signal: null
11 info lifecycle webapp@0.0.0~e2e: webapp@0.0.0
12 verbose lifecycle webapp@0.0.0~e2e: unsafe-perm in lifecycle true
13 verbose lifecycle webapp@0.0.0~e2e: PATH: C:\Users\bmzett\AppData\Roaming\npm\node_modules\npm\bin\node-gyp-bin;C:\Coding\TheGroupInc\node_modules\.bin;C:\Program Files\ImageMagick-6.9.3-Q16;C:\ProgramData\Oracle\Java\javapath;C:\Program Files (x86)\Intel\iCLS Client\;C:\Program Files\Intel\iCLS Client\;C:\WINDOWS\system32;C:\WINDOWS;C:\WINDOWS\System32\Wbem;C:\WINDOWS\System32\WindowsPowerShell\v1.0\;C:\Program Files (x86)\Intel\OpenCL SDK\2.0\bin\x86;C:\Program Files (x86)\Intel\OpenCL SDK\2.0\bin\x64;C:\Program Files (x86)\Windows Live\Shared;C:\Program Files\Condusiv Technologies\IntelliMemory\;C:\Program Files\Intel\WiFi\bin\;C:\Program Files\Common Files\Intel\WirelessCommon\;C:\Program Files (x86)\Intel\Intel(R) Management Engine Components\DAL;C:\Program Files\Intel\Intel(R) Management Engine Components\DAL;C:\Program Files (x86)\Intel\Intel(R) Management Engine Components\IPT;C:\Program Files\Intel\Intel(R) Management Engine Components\IPT;C:\Program Files\Microsoft SQL Server\120\Tools\Binn\;C:\Program Files (x86)\Windows Kits\10\Windows Performance Toolkit\;C:\Program Files (x86)\Skype\Phone\;C:\Program Files (x86)\Heroku\bin;C:\Program Files (x86)\git\cmd;C:\Program Files (x86)\Maven_339\bin;C:\Program Files\OpenVPN\bin;C:\cmder;C:\Program Files\nodejs\;C:\Program Files\Git\cmd;C:\Anaconda\Anaconda2;C:\Anaconda\Anaconda2\Scripts;C:\Anaconda\Anaconda2\Library\bin;C:\Anaconda\Anaconda3;C:\Anaconda\Anaconda3\Scripts;C:\Anaconda\Anaconda3\Library\bin;C:\Program Files\Java\jdk1.7.0_75\bin;c:\Users\bmzett\AppData\Local\atom\bin;C:\Users\bmzett\AppData\Local\Microsoft\WindowsApps;C:\Users\bmzett\AppData\Roaming\npm;C:\Program Files (x86)\Microsoft VS Code\bin
14 verbose lifecycle webapp@0.0.0~e2e: CWD: C:\Coding\TheGroupInc
15 silly lifecycle webapp@0.0.0~e2e: Args: [ '/d /s /c', 'protractor "./protractor.conf.js"' ]
16 silly lifecycle webapp@0.0.0~e2e: Returned: code: 1  signal: null
17 info lifecycle webapp@0.0.0~e2e: Failed to exec e2e script
18 verbose stack Error: webapp@0.0.0 e2e: `protractor "./protractor.conf.js"`
18 verbose stack Exit status 1
18 verbose stack     at EventEmitter.<anonymous> (C:\Users\bmzett\AppData\Roaming\npm\node_modules\npm\lib\utils\lifecycle.js:255:16)
18 verbose stack     at emitTwo (events.js:106:13)
18 verbose stack     at EventEmitter.emit (events.js:191:7)
18 verbose stack     at ChildProcess.<anonymous> (C:\Users\bmzett\AppData\Roaming\npm\node_modules\npm\lib\utils\spawn.js:40:14)
18 verbose stack     at emitTwo (events.js:106:13)
18 verbose stack     at ChildProcess.emit (events.js:191:7)
18 verbose stack     at maybeClose (internal/child_process.js:877:16)
18 verbose stack     at Process.ChildProcess._handle.onexit (internal/child_process.js:226:5)
19 verbose pkgid webapp@0.0.0
20 verbose cwd C:\Coding\TheGroupInc
21 error Windows_NT 10.0.14393
22 error argv "C:\\Program Files\\nodejs\\node.exe" "C:\\Users\\bmzett\\AppData\\Roaming\\npm\\node_modules\\npm\\bin\\npm-cli.js" "run" "e2e" "--" "./protractor.conf.js"
23 error node v6.9.1
24 error npm  v3.10.9
25 error code ELIFECYCLE
26 error webapp@0.0.0 e2e: `protractor "./protractor.conf.js"`
26 error Exit status 1
27 error Failed at the webapp@0.0.0 e2e script 'protractor "./protractor.conf.js"'.
27 error Make sure you have the latest version of node.js and npm installed.
27 error If you do, this is most likely a problem with the webapp package,
27 error not with npm itself.
27 error Tell the author that this fails on your system:
27 error     protractor "./protractor.conf.js"
27 error You can get information on how to open an issue for this project with:
27 error     npm bugs webapp
27 error Or if that isn't available, you can get their info via:
27 error     npm owner ls webapp
27 error There is likely additional logging output above.
28 verbose exit [ 1, true ]
